<?xml version="1.0" encoding="UTF-8"?>
<!-- Generated by org.testng.reporters.JUnitReportReporter -->
<testsuite hostname="David" failures="0" tests="1" name="com.hrms.tdd.TDD" time="0.021" errors="0" timestamp="2020-08-03T14:20:12 PDT" skipped="0">
  <testcase classname="com.hrms.tdd.TDD" name="test" time="0.021"/>
  <system-out/>
</testsuite> <!-- com.hrms.tdd.TDD -->
